# JRE version: Java(TM) SE Runtime Environment (7.0_67-b01) (build 1.7.0_67-b01)
# Java VM: Java HotSpot(TM) 64-Bit Server VM (24.65-b04 mixed mode linux-amd64 compressed oops)
Heap
 PSYoungGen      total 129536K, used 120829K [0x00000000f5500000, 0x00000000ffa00000, 0x0000000100000000)
  eden space 104448K, 97% used [0x00000000f5500000,0x00000000fb8ea2c8,0x00000000fbb00000)
  from space 25088K, 73% used [0x00000000fbb00000,0x00000000fcd15150,0x00000000fd380000)
  to   space 25600K, 0% used [0x00000000fe100000,0x00000000fe100000,0x00000000ffa00000)
 ParOldGen       total 119808K, used 97198K [0x00000000e0000000, 0x00000000e7500000, 0x00000000f5500000)
  object space 119808K, 81% used [0x00000000e0000000,0x00000000e5eebab8,0x00000000e7500000)
 PSPermGen       total 102400K, used 101973K [0x00000000d0000000, 0x00000000d6400000, 0x00000000e0000000)
  object space 102400K, 99% used [0x00000000d0000000,0x00000000d6395708,0x00000000d6400000)
GC Heap History (10 events):
Event: 1581.476 GC heap before
{Heap before GC invocations=37 (full 2):
 PSYoungGen      total 113664K, used 103727K [0x00000000f5500000, 0x00000000fdd00000, 0x0000000100000000)
  eden space 88064K, 100% used [0x00000000f5500000,0x00000000fab00000,0x00000000fab00000)
  from space 25600K, 61% used [0x00000000fc400000,0x00000000fd34bfb0,0x00000000fdd00000)
  to   space 25600K, 0% used [0x00000000fab00000,0x00000000fab00000,0x00000000fc400000)
 ParOldGen       total 119808K, used 92111K [0x00000000e0000000, 0x00000000e7500000, 0x00000000f5500000)
  object space 119808K, 76% used [0x00000000e0000000,0x00000000e59f3dc0,0x00000000e7500000)
 PSPermGen       total 96256K, used 96229K [0x00000000d0000000, 0x00000000d5e00000, 0x00000000e0000000)
  object space 96256K, 99% used [0x00000000d0000000,0x00000000d5df9438,0x00000000d5e00000)
Event: 1581.491 GC heap after
Heap after GC invocations=37 (full 2):
 PSYoungGen      total 113664K, used 16734K [0x00000000f5500000, 0x00000000fe500000, 0x0000000100000000)
  eden space 88064K, 0% used [0x00000000f5500000,0x00000000f5500000,0x00000000fab00000)
  from space 25600K, 65% used [0x00000000fab00000,0x00000000fbb57b40,0x00000000fc400000)
  to   space 25600K, 0% used [0x00000000fcc00000,0x00000000fcc00000,0x00000000fe500000)
 ParOldGen       total 119808K, used 93056K [0x00000000e0000000, 0x00000000e7500000, 0x00000000f5500000)
  object space 119808K, 77% used [0x00000000e0000000,0x00000000e5ae0128,0x00000000e7500000)
 PSPermGen       total 96256K, used 96229K [0x00000000d0000000, 0x00000000d5e00000, 0x00000000e0000000)
  object space 96256K, 99% used [0x00000000d0000000,0x00000000d5df9438,0x00000000d5e00000)
}
Event: 1585.603 GC heap before
{Heap before GC invocations=38 (full 2):
 PSYoungGen      total 113664K, used 104798K [0x00000000f5500000, 0x00000000fe500000, 0x0000000100000000)
  eden space 88064K, 100% used [0x00000000f5500000,0x00000000fab00000,0x00000000fab00000)
  from space 25600K, 65% used [0x00000000fab00000,0x00000000fbb57b40,0x00000000fc400000)
  to   space 25600K, 0% used [0x00000000fcc00000,0x00000000fcc00000,0x00000000fe500000)
 ParOldGen       total 119808K, used 93056K [0x00000000e0000000, 0x00000000e7500000, 0x00000000f5500000)
  object space 119808K, 77% used [0x00000000e0000000,0x00000000e5ae0128,0x00000000e7500000)
 PSPermGen       total 97280K, used 96971K [0x00000000d0000000, 0x00000000d5f00000, 0x00000000e0000000)
  object space 97280K, 99% used [0x00000000d0000000,0x00000000d5eb2cb0,0x00000000d5f00000)
Event: 1585.619 GC heap after
Heap after GC invocations=38 (full 2):
 PSYoungGen      total 120832K, used 19706K [0x00000000f5500000, 0x00000000fe680000, 0x0000000100000000)
  eden space 95232K, 0% used [0x00000000f5500000,0x00000000f5500000,0x00000000fb200000)
  from space 25600K, 76% used [0x00000000fcc00000,0x00000000fdf3e9f8,0x00000000fe500000)
  to   space 26624K, 0% used [0x00000000fb200000,0x00000000fb200000,0x00000000fcc00000)
 ParOldGen       total 119808K, used 94052K [0x00000000e0000000, 0x00000000e7500000, 0x00000000f5500000)
  object space 119808K, 78% used [0x00000000e0000000,0x00000000e5bd9178,0x00000000e7500000)
 PSPermGen       total 97280K, used 96971K [0x00000000d0000000, 0x00000000d5f00000, 0x00000000e0000000)
  object space 97280K, 99% used [0x00000000d0000000,0x00000000d5eb2cb0,0x00000000d5f00000)
}
Event: 1586.687 GC heap before
{Heap before GC invocations=39 (full 2):
 PSYoungGen      total 120832K, used 114938K [0x00000000f5500000, 0x00000000fe680000, 0x0000000100000000)
  eden space 95232K, 100% used [0x00000000f5500000,0x00000000fb200000,0x00000000fb200000)
  from space 25600K, 76% used [0x00000000fcc00000,0x00000000fdf3e9f8,0x00000000fe500000)
  to   space 26624K, 0% used [0x00000000fb200000,0x00000000fb200000,0x00000000fcc00000)
 ParOldGen       total 119808K, used 94052K [0x00000000e0000000, 0x00000000e7500000, 0x00000000f5500000)
  object space 119808K, 78% used [0x00000000e0000000,0x00000000e5bd9178,0x00000000e7500000)
 PSPermGen       total 97280K, used 97147K [0x00000000d0000000, 0x00000000d5f00000, 0x00000000e0000000)
  object space 97280K, 99% used [0x00000000d0000000,0x00000000d5edeff0,0x00000000d5f00000)
Event: 1586.701 GC heap after
Heap after GC invocations=39 (full 2):
 PSYoungGen      total 121856K, used 12089K [0x00000000f5500000, 0x00000000fed00000, 0x0000000100000000)
  eden space 95232K, 0% used [0x00000000f5500000,0x00000000f5500000,0x00000000fb200000)
  from space 26624K, 45% used [0x00000000fb200000,0x00000000fbdce4e8,0x00000000fcc00000)
  to   space 26112K, 0% used [0x00000000fd380000,0x00000000fd380000,0x00000000fed00000)
 ParOldGen       total 119808K, used 96051K [0x00000000e0000000, 0x00000000e7500000, 0x00000000f5500000)
  object space 119808K, 80% used [0x00000000e0000000,0x00000000e5dccfc8,0x00000000e7500000)
 PSPermGen       total 97280K, used 97147K [0x00000000d0000000, 0x00000000d5f00000, 0x00000000e0000000)
  object space 97280K, 99% used [0x00000000d0000000,0x00000000d5edeff0,0x00000000d5f00000)
}
Event: 1587.027 GC heap before
{Heap before GC invocations=40 (full 2):
 PSYoungGen      total 121856K, used 107321K [0x00000000f5500000, 0x00000000fed00000, 0x0000000100000000)
  eden space 95232K, 100% used [0x00000000f5500000,0x00000000fb200000,0x00000000fb200000)
  from space 26624K, 45% used [0x00000000fb200000,0x00000000fbdce4e8,0x00000000fcc00000)
  to   space 26112K, 0% used [0x00000000fd380000,0x00000000fd380000,0x00000000fed00000)
 ParOldGen       total 119808K, used 96051K [0x00000000e0000000, 0x00000000e7500000, 0x00000000f5500000)
  object space 119808K, 80% used [0x00000000e0000000,0x00000000e5dccfc8,0x00000000e7500000)
 PSPermGen       total 97280K, used 97181K [0x00000000d0000000, 0x00000000d5f00000, 0x00000000e0000000)
  object space 97280K, 99% used [0x00000000d0000000,0x00000000d5ee74c0,0x00000000d5f00000)
Event: 1587.045 GC heap after
Heap after GC invocations=40 (full 2):
 PSYoungGen      total 130560K, used 14807K [0x00000000f5500000, 0x00000000fee80000, 0x0000000100000000)
  eden space 104448K, 0% used [0x00000000f5500000,0x00000000f5500000,0x00000000fbb00000)
  from space 26112K, 56% used [0x00000000fd380000,0x00000000fe1f5ef0,0x00000000fed00000)
  to   space 25088K, 0% used [0x00000000fbb00000,0x00000000fbb00000,0x00000000fd380000)
 ParOldGen       total 119808K, used 96828K [0x00000000e0000000, 0x00000000e7500000, 0x00000000f5500000)
  object space 119808K, 80% used [0x00000000e0000000,0x00000000e5e8f3c8,0x00000000e7500000)
 PSPermGen       total 97280K, used 97181K [0x00000000d0000000, 0x00000000d5f00000, 0x00000000e0000000)
  object space 97280K, 99% used [0x00000000d0000000,0x00000000d5ee74c0,0x00000000d5f00000)
}
Event: 1587.717 GC heap before
{Heap before GC invocations=41 (full 2):
 PSYoungGen      total 130560K, used 119255K [0x00000000f5500000, 0x00000000fee80000, 0x0000000100000000)
  eden space 104448K, 100% used [0x00000000f5500000,0x00000000fbb00000,0x00000000fbb00000)
  from space 26112K, 56% used [0x00000000fd380000,0x00000000fe1f5ef0,0x00000000fed00000)
  to   space 25088K, 0% used [0x00000000fbb00000,0x00000000fbb00000,0x00000000fd380000)
 ParOldGen       total 119808K, used 96828K [0x00000000e0000000, 0x00000000e7500000, 0x00000000f5500000)
  object space 119808K, 80% used [0x00000000e0000000,0x00000000e5e8f3c8,0x00000000e7500000)
 PSPermGen       total 97280K, used 97224K [0x00000000d0000000, 0x00000000d5f00000, 0x00000000e0000000)
  object space 97280K, 99% used [0x00000000d0000000,0x00000000d5ef2000,0x00000000d5f00000)
Event: 1587.734 GC heap after
Heap after GC invocations=41 (full 2):
 PSYoungGen      total 129536K, used 18516K [0x00000000f5500000, 0x00000000ffa00000, 0x0000000100000000)
  eden space 104448K, 0% used [0x00000000f5500000,0x00000000f5500000,0x00000000fbb00000)
  from space 25088K, 73% used [0x00000000fbb00000,0x00000000fcd15150,0x00000000fd380000)
  to   space 25600K, 0% used [0x00000000fe100000,0x00000000fe100000,0x00000000ffa00000)
 ParOldGen       total 119808K, used 97198K [0x00000000e0000000, 0x00000000e7500000, 0x00000000f5500000)
  object space 119808K, 81% used [0x00000000e0000000,0x00000000e5eebab8,0x00000000e7500000)
 PSPermGen       total 97280K, used 97224K [0x00000000d0000000, 0x00000000d5f00000, 0x00000000e0000000)
  object space 97280K, 99% used [0x00000000d0000000,0x00000000d5ef2000,0x00000000d5f00000)
}

